CRITICAL - 2025-03-14 04:36:52 --> ErrorException: Trying to access array offset on value of type null
[Method: GET, Route: home/item_details/36]
in APPPATH\Controllers\ItemController.php on line 47.
 1 APPPATH\Controllers\ItemController.php(47): CodeIgniter\Debug\Exceptions->errorHandler(2, 'Trying to access array offset on value of type null', 'C:\\xampp\\htdocs\\codeigniter\\webdienmay\\app\\Controllers\\ItemController.php', 47)
 2 SYSTEMPATH\CodeIgniter.php(933): App\Controllers\ItemController->show('36')
 3 SYSTEMPATH\CodeIgniter.php(507): CodeIgniter\CodeIgniter->runController(Object(App\Controllers\ItemController))
 4 SYSTEMPATH\CodeIgniter.php(354): CodeIgniter\CodeIgniter->handleRequest(null, Object(Config\Cache), false)
 5 SYSTEMPATH\Boot.php(334): CodeIgniter\CodeIgniter->run()
 6 SYSTEMPATH\Boot.php(67): CodeIgniter\Boot::runCodeIgniter(Object(CodeIgniter\CodeIgniter))
 7 FCPATH\index.php(56): CodeIgniter\Boot::bootWeb(Object(Config\Paths))
 8 SYSTEMPATH\rewrite.php(44): require_once('C:\\xampp\\htdocs\\codeigniter\\webdienmay\\public\\index.php')
CRITICAL - 2025-03-14 04:36:57 --> ErrorException: Trying to access array offset on value of type null
[Method: GET, Route: home/item_details/31]
in APPPATH\Controllers\ItemController.php on line 47.
 1 APPPATH\Controllers\ItemController.php(47): CodeIgniter\Debug\Exceptions->errorHandler(2, 'Trying to access array offset on value of type null', 'C:\\xampp\\htdocs\\codeigniter\\webdienmay\\app\\Controllers\\ItemController.php', 47)
 2 SYSTEMPATH\CodeIgniter.php(933): App\Controllers\ItemController->show('31')
 3 SYSTEMPATH\CodeIgniter.php(507): CodeIgniter\CodeIgniter->runController(Object(App\Controllers\ItemController))
 4 SYSTEMPATH\CodeIgniter.php(354): CodeIgniter\CodeIgniter->handleRequest(null, Object(Config\Cache), false)
 5 SYSTEMPATH\Boot.php(334): CodeIgniter\CodeIgniter->run()
 6 SYSTEMPATH\Boot.php(67): CodeIgniter\Boot::runCodeIgniter(Object(CodeIgniter\CodeIgniter))
 7 FCPATH\index.php(56): CodeIgniter\Boot::bootWeb(Object(Config\Paths))
 8 SYSTEMPATH\rewrite.php(44): require_once('C:\\xampp\\htdocs\\codeigniter\\webdienmay\\public\\index.php')
CRITICAL - 2025-03-14 04:37:00 --> ErrorException: Trying to access array offset on value of type null
[Method: GET, Route: home/item_details/22]
in APPPATH\Controllers\ItemController.php on line 47.
 1 APPPATH\Controllers\ItemController.php(47): CodeIgniter\Debug\Exceptions->errorHandler(2, 'Trying to access array offset on value of type null', 'C:\\xampp\\htdocs\\codeigniter\\webdienmay\\app\\Controllers\\ItemController.php', 47)
 2 SYSTEMPATH\CodeIgniter.php(933): App\Controllers\ItemController->show('22')
 3 SYSTEMPATH\CodeIgniter.php(507): CodeIgniter\CodeIgniter->runController(Object(App\Controllers\ItemController))
 4 SYSTEMPATH\CodeIgniter.php(354): CodeIgniter\CodeIgniter->handleRequest(null, Object(Config\Cache), false)
 5 SYSTEMPATH\Boot.php(334): CodeIgniter\CodeIgniter->run()
 6 SYSTEMPATH\Boot.php(67): CodeIgniter\Boot::runCodeIgniter(Object(CodeIgniter\CodeIgniter))
 7 FCPATH\index.php(56): CodeIgniter\Boot::bootWeb(Object(Config\Paths))
 8 SYSTEMPATH\rewrite.php(44): require_once('C:\\xampp\\htdocs\\codeigniter\\webdienmay\\public\\index.php')
CRITICAL - 2025-03-14 04:37:04 --> ErrorException: Trying to access array offset on value of type null
[Method: GET, Route: home/item_details/17]
in APPPATH\Controllers\ItemController.php on line 47.
 1 APPPATH\Controllers\ItemController.php(47): CodeIgniter\Debug\Exceptions->errorHandler(2, 'Trying to access array offset on value of type null', 'C:\\xampp\\htdocs\\codeigniter\\webdienmay\\app\\Controllers\\ItemController.php', 47)
 2 SYSTEMPATH\CodeIgniter.php(933): App\Controllers\ItemController->show('17')
 3 SYSTEMPATH\CodeIgniter.php(507): CodeIgniter\CodeIgniter->runController(Object(App\Controllers\ItemController))
 4 SYSTEMPATH\CodeIgniter.php(354): CodeIgniter\CodeIgniter->handleRequest(null, Object(Config\Cache), false)
 5 SYSTEMPATH\Boot.php(334): CodeIgniter\CodeIgniter->run()
 6 SYSTEMPATH\Boot.php(67): CodeIgniter\Boot::runCodeIgniter(Object(CodeIgniter\CodeIgniter))
 7 FCPATH\index.php(56): CodeIgniter\Boot::bootWeb(Object(Config\Paths))
 8 SYSTEMPATH\rewrite.php(44): require_once('C:\\xampp\\htdocs\\codeigniter\\webdienmay\\public\\index.php')
ERROR - 2025-03-14 06:22:03 --> Error connecting to the database: mysqli_sql_exception: No connection could be made because the target machine actively refused it in C:\xampp\htdocs\codeigniter\webdienmay\system\Database\MySQLi\Connection.php:201
Stack trace:
#0 C:\xampp\htdocs\codeigniter\webdienmay\system\Database\MySQLi\Connection.php(201): mysqli->real_connect('localhost', 'root', Object(SensitiveParameterValue), 'DienMayDB', 3306, '', 0)
#1 C:\xampp\htdocs\codeigniter\webdienmay\system\Database\BaseConnection.php(421): CodeIgniter\Database\MySQLi\Connection->connect(false)
#2 C:\xampp\htdocs\codeigniter\webdienmay\system\Database\BaseConnection.php(620): CodeIgniter\Database\BaseConnection->initialize()
#3 C:\xampp\htdocs\codeigniter\webdienmay\system\Database\BaseBuilder.php(1649): CodeIgniter\Database\BaseConnection->query('SELECT *\nFROM `...', Array, false)
#4 C:\xampp\htdocs\codeigniter\webdienmay\system\Model.php(286): CodeIgniter\Database\BaseBuilder->get()
#5 C:\xampp\htdocs\codeigniter\webdienmay\system\BaseModel.php(675): CodeIgniter\Model->doFindAll(8, 0)
#6 C:\xampp\htdocs\codeigniter\webdienmay\app\Controllers\HomeController.php(23): CodeIgniter\BaseModel->findAll(8)
#7 C:\xampp\htdocs\codeigniter\webdienmay\system\CodeIgniter.php(933): App\Controllers\HomeController->index()
#8 C:\xampp\htdocs\codeigniter\webdienmay\system\CodeIgniter.php(507): CodeIgniter\CodeIgniter->runController(Object(App\Controllers\HomeController))
#9 C:\xampp\htdocs\codeigniter\webdienmay\system\CodeIgniter.php(354): CodeIgniter\CodeIgniter->handleRequest(NULL, Object(Config\Cache), false)
#10 C:\xampp\htdocs\codeigniter\webdienmay\system\Boot.php(334): CodeIgniter\CodeIgniter->run()
#11 C:\xampp\htdocs\codeigniter\webdienmay\system\Boot.php(67): CodeIgniter\Boot::runCodeIgniter(Object(CodeIgniter\CodeIgniter))
#12 C:\xampp\htdocs\codeigniter\webdienmay\public\index.php(56): CodeIgniter\Boot::bootWeb(Object(Config\Paths))
#13 C:\xampp\htdocs\codeigniter\webdienmay\system\rewrite.php(44): require_once('C:\\xampp\\htdocs...')
#14 {main}

Next CodeIgniter\Database\Exceptions\DatabaseException: No connection could be made because the target machine actively refused it in C:\xampp\htdocs\codeigniter\webdienmay\system\Database\MySQLi\Connection.php:246
Stack trace:
#0 C:\xampp\htdocs\codeigniter\webdienmay\system\Database\BaseConnection.php(421): CodeIgniter\Database\MySQLi\Connection->connect(false)
#1 C:\xampp\htdocs\codeigniter\webdienmay\system\Database\BaseConnection.php(620): CodeIgniter\Database\BaseConnection->initialize()
#2 C:\xampp\htdocs\codeigniter\webdienmay\system\Database\BaseBuilder.php(1649): CodeIgniter\Database\BaseConnection->query('SELECT *\nFROM `...', Array, false)
#3 C:\xampp\htdocs\codeigniter\webdienmay\system\Model.php(286): CodeIgniter\Database\BaseBuilder->get()
#4 C:\xampp\htdocs\codeigniter\webdienmay\system\BaseModel.php(675): CodeIgniter\Model->doFindAll(8, 0)
#5 C:\xampp\htdocs\codeigniter\webdienmay\app\Controllers\HomeController.php(23): CodeIgniter\BaseModel->findAll(8)
#6 C:\xampp\htdocs\codeigniter\webdienmay\system\CodeIgniter.php(933): App\Controllers\HomeController->index()
#7 C:\xampp\htdocs\codeigniter\webdienmay\system\CodeIgniter.php(507): CodeIgniter\CodeIgniter->runController(Object(App\Controllers\HomeController))
#8 C:\xampp\htdocs\codeigniter\webdienmay\system\CodeIgniter.php(354): CodeIgniter\CodeIgniter->handleRequest(NULL, Object(Config\Cache), false)
#9 C:\xampp\htdocs\codeigniter\webdienmay\system\Boot.php(334): CodeIgniter\CodeIgniter->run()
#10 C:\xampp\htdocs\codeigniter\webdienmay\system\Boot.php(67): CodeIgniter\Boot::runCodeIgniter(Object(CodeIgniter\CodeIgniter))
#11 C:\xampp\htdocs\codeigniter\webdienmay\public\index.php(56): CodeIgniter\Boot::bootWeb(Object(Config\Paths))
#12 C:\xampp\htdocs\codeigniter\webdienmay\system\rewrite.php(44): require_once('C:\\xampp\\htdocs...')
#13 {main}
CRITICAL - 2025-03-14 06:22:03 --> CodeIgniter\Database\Exceptions\DatabaseException: Unable to connect to the database.
Main connection [MySQLi]: No connection could be made because the target machine actively refused it
[Method: GET, Route: /]
in SYSTEMPATH\Database\BaseConnection.php on line 467.
 1 SYSTEMPATH\Database\BaseConnection.php(620): CodeIgniter\Database\BaseConnection->initialize()
 2 SYSTEMPATH\Database\BaseBuilder.php(1649): CodeIgniter\Database\BaseConnection->query('SELECT *
FROM `products`
ORDER BY `created_at` DESC
 LIMIT 8', [], false)
 3 SYSTEMPATH\Model.php(286): CodeIgniter\Database\BaseBuilder->get()
 4 SYSTEMPATH\BaseModel.php(675): CodeIgniter\Model->doFindAll(8, 0)
 5 APPPATH\Controllers\HomeController.php(23): CodeIgniter\BaseModel->findAll(8)
 6 SYSTEMPATH\CodeIgniter.php(933): App\Controllers\HomeController->index()
 7 SYSTEMPATH\CodeIgniter.php(507): CodeIgniter\CodeIgniter->runController(Object(App\Controllers\HomeController))
 8 SYSTEMPATH\CodeIgniter.php(354): CodeIgniter\CodeIgniter->handleRequest(null, Object(Config\Cache), false)
 9 SYSTEMPATH\Boot.php(334): CodeIgniter\CodeIgniter->run()
10 SYSTEMPATH\Boot.php(67): CodeIgniter\Boot::runCodeIgniter(Object(CodeIgniter\CodeIgniter))
11 FCPATH\index.php(56): CodeIgniter\Boot::bootWeb(Object(Config\Paths))
12 SYSTEMPATH\rewrite.php(44): require_once('C:\\xampp\\htdocs\\codeigniter\\webdienmay\\public\\index.php')
CRITICAL - 2025-03-14 07:06:14 --> ErrorException: Trying to access array offset on value of type null
[Method: GET, Route: home/item_details/34]
in APPPATH\Controllers\ItemController.php on line 47.
 1 APPPATH\Controllers\ItemController.php(47): CodeIgniter\Debug\Exceptions->errorHandler(2, 'Trying to access array offset on value of type null', 'C:\\xampp\\htdocs\\codeigniter\\webdienmay\\app\\Controllers\\ItemController.php', 47)
 2 SYSTEMPATH\CodeIgniter.php(933): App\Controllers\ItemController->show('34')
 3 SYSTEMPATH\CodeIgniter.php(507): CodeIgniter\CodeIgniter->runController(Object(App\Controllers\ItemController))
 4 SYSTEMPATH\CodeIgniter.php(354): CodeIgniter\CodeIgniter->handleRequest(null, Object(Config\Cache), false)
 5 SYSTEMPATH\Boot.php(334): CodeIgniter\CodeIgniter->run()
 6 SYSTEMPATH\Boot.php(67): CodeIgniter\Boot::runCodeIgniter(Object(CodeIgniter\CodeIgniter))
 7 FCPATH\index.php(56): CodeIgniter\Boot::bootWeb(Object(Config\Paths))
 8 SYSTEMPATH\rewrite.php(44): require_once('C:\\xampp\\htdocs\\codeigniter\\webdienmay\\public\\index.php')
CRITICAL - 2025-03-14 07:06:20 --> ErrorException: Trying to access array offset on value of type null
[Method: GET, Route: home/item_details/36]
in APPPATH\Controllers\ItemController.php on line 47.
 1 APPPATH\Controllers\ItemController.php(47): CodeIgniter\Debug\Exceptions->errorHandler(2, 'Trying to access array offset on value of type null', 'C:\\xampp\\htdocs\\codeigniter\\webdienmay\\app\\Controllers\\ItemController.php', 47)
 2 SYSTEMPATH\CodeIgniter.php(933): App\Controllers\ItemController->show('36')
 3 SYSTEMPATH\CodeIgniter.php(507): CodeIgniter\CodeIgniter->runController(Object(App\Controllers\ItemController))
 4 SYSTEMPATH\CodeIgniter.php(354): CodeIgniter\CodeIgniter->handleRequest(null, Object(Config\Cache), false)
 5 SYSTEMPATH\Boot.php(334): CodeIgniter\CodeIgniter->run()
 6 SYSTEMPATH\Boot.php(67): CodeIgniter\Boot::runCodeIgniter(Object(CodeIgniter\CodeIgniter))
 7 FCPATH\index.php(56): CodeIgniter\Boot::bootWeb(Object(Config\Paths))
 8 SYSTEMPATH\rewrite.php(44): require_once('C:\\xampp\\htdocs\\codeigniter\\webdienmay\\public\\index.php')
CRITICAL - 2025-03-14 07:09:33 --> ErrorException: Trying to access array offset on value of type null
[Method: GET, Route: home/item_details/35]
in APPPATH\Controllers\ItemController.php on line 47.
 1 APPPATH\Controllers\ItemController.php(47): CodeIgniter\Debug\Exceptions->errorHandler(2, 'Trying to access array offset on value of type null', 'C:\\xampp\\htdocs\\codeigniter\\webdienmay\\app\\Controllers\\ItemController.php', 47)
 2 SYSTEMPATH\CodeIgniter.php(933): App\Controllers\ItemController->show('35')
 3 SYSTEMPATH\CodeIgniter.php(507): CodeIgniter\CodeIgniter->runController(Object(App\Controllers\ItemController))
 4 SYSTEMPATH\CodeIgniter.php(354): CodeIgniter\CodeIgniter->handleRequest(null, Object(Config\Cache), false)
 5 SYSTEMPATH\Boot.php(334): CodeIgniter\CodeIgniter->run()
 6 SYSTEMPATH\Boot.php(67): CodeIgniter\Boot::runCodeIgniter(Object(CodeIgniter\CodeIgniter))
 7 FCPATH\index.php(56): CodeIgniter\Boot::bootWeb(Object(Config\Paths))
 8 SYSTEMPATH\rewrite.php(44): require_once('C:\\xampp\\htdocs\\codeigniter\\webdienmay\\public\\index.php')
ERROR - 2025-03-14 07:32:18 --> mysqli_sql_exception: Unknown column 'specifications' in 'field list' in C:\xampp\htdocs\codeigniter\webdienmay\system\Database\MySQLi\Connection.php:327
Stack trace:
#0 C:\xampp\htdocs\codeigniter\webdienmay\system\Database\MySQLi\Connection.php(327): mysqli->query('INSERT INTO `pr...', 0)
#1 C:\xampp\htdocs\codeigniter\webdienmay\system\Database\BaseConnection.php(738): CodeIgniter\Database\MySQLi\Connection->execute('INSERT INTO `pr...')
#2 C:\xampp\htdocs\codeigniter\webdienmay\system\Database\BaseConnection.php(652): CodeIgniter\Database\BaseConnection->simpleQuery('INSERT INTO `pr...')
#3 C:\xampp\htdocs\codeigniter\webdienmay\system\Database\BaseBuilder.php(2345): CodeIgniter\Database\BaseConnection->query('INSERT INTO `pr...', Array, false)
#4 C:\xampp\htdocs\codeigniter\webdienmay\app\Models\ProductModel.php(64): CodeIgniter\Database\BaseBuilder->insert(Array)
#5 C:\xampp\htdocs\codeigniter\webdienmay\app\Controllers\AdminProductController.php(127): App\Models\ProductModel->updateProductDetails('17', Array)
#6 C:\xampp\htdocs\codeigniter\webdienmay\system\CodeIgniter.php(933): App\Controllers\AdminProductController->updateProductDetails()
#7 C:\xampp\htdocs\codeigniter\webdienmay\system\CodeIgniter.php(507): CodeIgniter\CodeIgniter->runController(Object(App\Controllers\AdminProductController))
#8 C:\xampp\htdocs\codeigniter\webdienmay\system\CodeIgniter.php(354): CodeIgniter\CodeIgniter->handleRequest(NULL, Object(Config\Cache), false)
#9 C:\xampp\htdocs\codeigniter\webdienmay\system\Boot.php(334): CodeIgniter\CodeIgniter->run()
#10 C:\xampp\htdocs\codeigniter\webdienmay\system\Boot.php(67): CodeIgniter\Boot::runCodeIgniter(Object(CodeIgniter\CodeIgniter))
#11 C:\xampp\htdocs\codeigniter\webdienmay\public\index.php(56): CodeIgniter\Boot::bootWeb(Object(Config\Paths))
#12 C:\xampp\htdocs\codeigniter\webdienmay\system\rewrite.php(44): require_once('C:\\xampp\\htdocs...')
#13 {main}
ERROR - 2025-03-14 07:34:10 --> mysqli_sql_exception: Unknown column 'specifications' in 'field list' in C:\xampp\htdocs\codeigniter\webdienmay\system\Database\MySQLi\Connection.php:327
Stack trace:
#0 C:\xampp\htdocs\codeigniter\webdienmay\system\Database\MySQLi\Connection.php(327): mysqli->query('INSERT INTO `pr...', 0)
#1 C:\xampp\htdocs\codeigniter\webdienmay\system\Database\BaseConnection.php(738): CodeIgniter\Database\MySQLi\Connection->execute('INSERT INTO `pr...')
#2 C:\xampp\htdocs\codeigniter\webdienmay\system\Database\BaseConnection.php(652): CodeIgniter\Database\BaseConnection->simpleQuery('INSERT INTO `pr...')
#3 C:\xampp\htdocs\codeigniter\webdienmay\system\Database\BaseBuilder.php(2345): CodeIgniter\Database\BaseConnection->query('INSERT INTO `pr...', Array, false)
#4 C:\xampp\htdocs\codeigniter\webdienmay\app\Models\ProductModel.php(64): CodeIgniter\Database\BaseBuilder->insert(Array)
#5 C:\xampp\htdocs\codeigniter\webdienmay\app\Controllers\AdminProductController.php(127): App\Models\ProductModel->updateProductDetails('18', Array)
#6 C:\xampp\htdocs\codeigniter\webdienmay\system\CodeIgniter.php(933): App\Controllers\AdminProductController->updateProductDetails()
#7 C:\xampp\htdocs\codeigniter\webdienmay\system\CodeIgniter.php(507): CodeIgniter\CodeIgniter->runController(Object(App\Controllers\AdminProductController))
#8 C:\xampp\htdocs\codeigniter\webdienmay\system\CodeIgniter.php(354): CodeIgniter\CodeIgniter->handleRequest(NULL, Object(Config\Cache), false)
#9 C:\xampp\htdocs\codeigniter\webdienmay\system\Boot.php(334): CodeIgniter\CodeIgniter->run()
#10 C:\xampp\htdocs\codeigniter\webdienmay\system\Boot.php(67): CodeIgniter\Boot::runCodeIgniter(Object(CodeIgniter\CodeIgniter))
#11 C:\xampp\htdocs\codeigniter\webdienmay\public\index.php(56): CodeIgniter\Boot::bootWeb(Object(Config\Paths))
#12 C:\xampp\htdocs\codeigniter\webdienmay\system\rewrite.php(44): require_once('C:\\xampp\\htdocs...')
#13 {main}
ERROR - 2025-03-14 07:37:19 --> mysqli_sql_exception: Unknown column 'specifications' in 'field list' in C:\xampp\htdocs\codeigniter\webdienmay\system\Database\MySQLi\Connection.php:327
Stack trace:
#0 C:\xampp\htdocs\codeigniter\webdienmay\system\Database\MySQLi\Connection.php(327): mysqli->query('INSERT INTO `pr...', 0)
#1 C:\xampp\htdocs\codeigniter\webdienmay\system\Database\BaseConnection.php(738): CodeIgniter\Database\MySQLi\Connection->execute('INSERT INTO `pr...')
#2 C:\xampp\htdocs\codeigniter\webdienmay\system\Database\BaseConnection.php(652): CodeIgniter\Database\BaseConnection->simpleQuery('INSERT INTO `pr...')
#3 C:\xampp\htdocs\codeigniter\webdienmay\system\Database\BaseBuilder.php(2345): CodeIgniter\Database\BaseConnection->query('INSERT INTO `pr...', Array, false)
#4 C:\xampp\htdocs\codeigniter\webdienmay\app\Models\ProductModel.php(64): CodeIgniter\Database\BaseBuilder->insert(Array)
#5 C:\xampp\htdocs\codeigniter\webdienmay\app\Controllers\AdminProductController.php(127): App\Models\ProductModel->updateProductDetails('17', Array)
#6 C:\xampp\htdocs\codeigniter\webdienmay\system\CodeIgniter.php(933): App\Controllers\AdminProductController->updateProductDetails()
#7 C:\xampp\htdocs\codeigniter\webdienmay\system\CodeIgniter.php(507): CodeIgniter\CodeIgniter->runController(Object(App\Controllers\AdminProductController))
#8 C:\xampp\htdocs\codeigniter\webdienmay\system\CodeIgniter.php(354): CodeIgniter\CodeIgniter->handleRequest(NULL, Object(Config\Cache), false)
#9 C:\xampp\htdocs\codeigniter\webdienmay\system\Boot.php(334): CodeIgniter\CodeIgniter->run()
#10 C:\xampp\htdocs\codeigniter\webdienmay\system\Boot.php(67): CodeIgniter\Boot::runCodeIgniter(Object(CodeIgniter\CodeIgniter))
#11 C:\xampp\htdocs\codeigniter\webdienmay\public\index.php(56): CodeIgniter\Boot::bootWeb(Object(Config\Paths))
#12 C:\xampp\htdocs\codeigniter\webdienmay\system\rewrite.php(44): require_once('C:\\xampp\\htdocs...')
#13 {main}
ERROR - 2025-03-14 07:40:36 --> mysqli_sql_exception: Unknown column 'specifications' in 'field list' in C:\xampp\htdocs\codeigniter\webdienmay\system\Database\MySQLi\Connection.php:327
Stack trace:
#0 C:\xampp\htdocs\codeigniter\webdienmay\system\Database\MySQLi\Connection.php(327): mysqli->query('INSERT INTO `pr...', 0)
#1 C:\xampp\htdocs\codeigniter\webdienmay\system\Database\BaseConnection.php(738): CodeIgniter\Database\MySQLi\Connection->execute('INSERT INTO `pr...')
#2 C:\xampp\htdocs\codeigniter\webdienmay\system\Database\BaseConnection.php(652): CodeIgniter\Database\BaseConnection->simpleQuery('INSERT INTO `pr...')
#3 C:\xampp\htdocs\codeigniter\webdienmay\system\Database\BaseBuilder.php(2345): CodeIgniter\Database\BaseConnection->query('INSERT INTO `pr...', Array, false)
#4 C:\xampp\htdocs\codeigniter\webdienmay\app\Models\ProductModel.php(64): CodeIgniter\Database\BaseBuilder->insert(Array)
#5 C:\xampp\htdocs\codeigniter\webdienmay\app\Controllers\AdminProductController.php(127): App\Models\ProductModel->updateProductDetails('17', Array)
#6 C:\xampp\htdocs\codeigniter\webdienmay\system\CodeIgniter.php(933): App\Controllers\AdminProductController->updateProductDetails()
#7 C:\xampp\htdocs\codeigniter\webdienmay\system\CodeIgniter.php(507): CodeIgniter\CodeIgniter->runController(Object(App\Controllers\AdminProductController))
#8 C:\xampp\htdocs\codeigniter\webdienmay\system\CodeIgniter.php(354): CodeIgniter\CodeIgniter->handleRequest(NULL, Object(Config\Cache), false)
#9 C:\xampp\htdocs\codeigniter\webdienmay\system\Boot.php(334): CodeIgniter\CodeIgniter->run()
#10 C:\xampp\htdocs\codeigniter\webdienmay\system\Boot.php(67): CodeIgniter\Boot::runCodeIgniter(Object(CodeIgniter\CodeIgniter))
#11 C:\xampp\htdocs\codeigniter\webdienmay\public\index.php(56): CodeIgniter\Boot::bootWeb(Object(Config\Paths))
#12 C:\xampp\htdocs\codeigniter\webdienmay\system\rewrite.php(44): require_once('C:\\xampp\\htdocs...')
#13 {main}
ERROR - 2025-03-14 07:46:01 --> mysqli_sql_exception: Unknown column 'specifications' in 'field list' in C:\xampp\htdocs\codeigniter\webdienmay\system\Database\MySQLi\Connection.php:327
Stack trace:
#0 C:\xampp\htdocs\codeigniter\webdienmay\system\Database\MySQLi\Connection.php(327): mysqli->query('INSERT INTO `pr...', 0)
#1 C:\xampp\htdocs\codeigniter\webdienmay\system\Database\BaseConnection.php(738): CodeIgniter\Database\MySQLi\Connection->execute('INSERT INTO `pr...')
#2 C:\xampp\htdocs\codeigniter\webdienmay\system\Database\BaseConnection.php(652): CodeIgniter\Database\BaseConnection->simpleQuery('INSERT INTO `pr...')
#3 C:\xampp\htdocs\codeigniter\webdienmay\system\Database\BaseBuilder.php(2345): CodeIgniter\Database\BaseConnection->query('INSERT INTO `pr...', Array, false)
#4 C:\xampp\htdocs\codeigniter\webdienmay\app\Models\ProductModel.php(64): CodeIgniter\Database\BaseBuilder->insert(Array)
#5 C:\xampp\htdocs\codeigniter\webdienmay\app\Controllers\AdminProductController.php(127): App\Models\ProductModel->updateProductDetails('17', Array)
#6 C:\xampp\htdocs\codeigniter\webdienmay\system\CodeIgniter.php(933): App\Controllers\AdminProductController->updateProductDetails()
#7 C:\xampp\htdocs\codeigniter\webdienmay\system\CodeIgniter.php(507): CodeIgniter\CodeIgniter->runController(Object(App\Controllers\AdminProductController))
#8 C:\xampp\htdocs\codeigniter\webdienmay\system\CodeIgniter.php(354): CodeIgniter\CodeIgniter->handleRequest(NULL, Object(Config\Cache), false)
#9 C:\xampp\htdocs\codeigniter\webdienmay\system\Boot.php(334): CodeIgniter\CodeIgniter->run()
#10 C:\xampp\htdocs\codeigniter\webdienmay\system\Boot.php(67): CodeIgniter\Boot::runCodeIgniter(Object(CodeIgniter\CodeIgniter))
#11 C:\xampp\htdocs\codeigniter\webdienmay\public\index.php(56): CodeIgniter\Boot::bootWeb(Object(Config\Paths))
#12 C:\xampp\htdocs\codeigniter\webdienmay\system\rewrite.php(44): require_once('C:\\xampp\\htdocs...')
#13 {main}
ERROR - 2025-03-14 07:47:32 --> mysqli_sql_exception: Unknown column 'specifications' in 'field list' in C:\xampp\htdocs\codeigniter\webdienmay\system\Database\MySQLi\Connection.php:327
Stack trace:
#0 C:\xampp\htdocs\codeigniter\webdienmay\system\Database\MySQLi\Connection.php(327): mysqli->query('INSERT INTO `pr...', 0)
#1 C:\xampp\htdocs\codeigniter\webdienmay\system\Database\BaseConnection.php(738): CodeIgniter\Database\MySQLi\Connection->execute('INSERT INTO `pr...')
#2 C:\xampp\htdocs\codeigniter\webdienmay\system\Database\BaseConnection.php(652): CodeIgniter\Database\BaseConnection->simpleQuery('INSERT INTO `pr...')
#3 C:\xampp\htdocs\codeigniter\webdienmay\system\Database\BaseBuilder.php(2345): CodeIgniter\Database\BaseConnection->query('INSERT INTO `pr...', Array, false)
#4 C:\xampp\htdocs\codeigniter\webdienmay\app\Models\ProductModel.php(64): CodeIgniter\Database\BaseBuilder->insert(Array)
#5 C:\xampp\htdocs\codeigniter\webdienmay\app\Controllers\AdminProductController.php(127): App\Models\ProductModel->updateProductDetails('17', Array)
#6 C:\xampp\htdocs\codeigniter\webdienmay\system\CodeIgniter.php(933): App\Controllers\AdminProductController->updateProductDetails()
#7 C:\xampp\htdocs\codeigniter\webdienmay\system\CodeIgniter.php(507): CodeIgniter\CodeIgniter->runController(Object(App\Controllers\AdminProductController))
#8 C:\xampp\htdocs\codeigniter\webdienmay\system\CodeIgniter.php(354): CodeIgniter\CodeIgniter->handleRequest(NULL, Object(Config\Cache), false)
#9 C:\xampp\htdocs\codeigniter\webdienmay\system\Boot.php(334): CodeIgniter\CodeIgniter->run()
#10 C:\xampp\htdocs\codeigniter\webdienmay\system\Boot.php(67): CodeIgniter\Boot::runCodeIgniter(Object(CodeIgniter\CodeIgniter))
#11 C:\xampp\htdocs\codeigniter\webdienmay\public\index.php(56): CodeIgniter\Boot::bootWeb(Object(Config\Paths))
#12 C:\xampp\htdocs\codeigniter\webdienmay\system\rewrite.php(44): require_once('C:\\xampp\\htdocs...')
#13 {main}
ERROR - 2025-03-14 13:11:07 --> mysqli_sql_exception: MySQL server has gone away in C:\xampp\htdocs\codeigniter\webdienmay\system\Database\MySQLi\Connection.php:327
Stack trace:
#0 C:\xampp\htdocs\codeigniter\webdienmay\system\Database\MySQLi\Connection.php(327): mysqli->query('SELECT *\nFROM `...', 0)
#1 C:\xampp\htdocs\codeigniter\webdienmay\system\Database\BaseConnection.php(738): CodeIgniter\Database\MySQLi\Connection->execute('SELECT *\nFROM `...')
#2 C:\xampp\htdocs\codeigniter\webdienmay\system\Database\BaseConnection.php(652): CodeIgniter\Database\BaseConnection->simpleQuery('SELECT *\nFROM `...')
#3 C:\xampp\htdocs\codeigniter\webdienmay\system\Database\BaseBuilder.php(1649): CodeIgniter\Database\BaseConnection->query('SELECT *\nFROM `...', Array, false)
#4 C:\xampp\htdocs\codeigniter\webdienmay\system\Model.php(286): CodeIgniter\Database\BaseBuilder->get()
#5 C:\xampp\htdocs\codeigniter\webdienmay\system\BaseModel.php(675): CodeIgniter\Model->doFindAll(8, 0)
#6 C:\xampp\htdocs\codeigniter\webdienmay\app\Controllers\HomeController.php(23): CodeIgniter\BaseModel->findAll(8)
#7 C:\xampp\htdocs\codeigniter\webdienmay\system\CodeIgniter.php(933): App\Controllers\HomeController->index()
#8 C:\xampp\htdocs\codeigniter\webdienmay\system\CodeIgniter.php(507): CodeIgniter\CodeIgniter->runController(Object(App\Controllers\HomeController))
#9 C:\xampp\htdocs\codeigniter\webdienmay\system\CodeIgniter.php(354): CodeIgniter\CodeIgniter->handleRequest(NULL, Object(Config\Cache), false)
#10 C:\xampp\htdocs\codeigniter\webdienmay\system\Boot.php(334): CodeIgniter\CodeIgniter->run()
#11 C:\xampp\htdocs\codeigniter\webdienmay\system\Boot.php(67): CodeIgniter\Boot::runCodeIgniter(Object(CodeIgniter\CodeIgniter))
#12 C:\xampp\htdocs\codeigniter\webdienmay\public\index.php(56): CodeIgniter\Boot::bootWeb(Object(Config\Paths))
#13 C:\xampp\htdocs\codeigniter\webdienmay\system\rewrite.php(44): require_once('C:\\xampp\\htdocs...')
#14 {main}
CRITICAL - 2025-03-14 13:11:07 --> Error: Call to a member function getResult() on bool
[Method: GET, Route: /]
in SYSTEMPATH\Model.php on line 287.
 1 SYSTEMPATH\BaseModel.php(675): CodeIgniter\Model->doFindAll(8, 0)
 2 APPPATH\Controllers\HomeController.php(23): CodeIgniter\BaseModel->findAll(8)
 3 SYSTEMPATH\CodeIgniter.php(933): App\Controllers\HomeController->index()
 4 SYSTEMPATH\CodeIgniter.php(507): CodeIgniter\CodeIgniter->runController(Object(App\Controllers\HomeController))
 5 SYSTEMPATH\CodeIgniter.php(354): CodeIgniter\CodeIgniter->handleRequest(null, Object(Config\Cache), false)
 6 SYSTEMPATH\Boot.php(334): CodeIgniter\CodeIgniter->run()
 7 SYSTEMPATH\Boot.php(67): CodeIgniter\Boot::runCodeIgniter(Object(CodeIgniter\CodeIgniter))
 8 FCPATH\index.php(56): CodeIgniter\Boot::bootWeb(Object(Config\Paths))
 9 SYSTEMPATH\rewrite.php(44): require_once('C:\\xampp\\htdocs\\codeigniter\\webdienmay\\public\\index.php')
ERROR - 2025-03-14 13:12:46 --> mysqli_sql_exception: Unknown column 'specifications' in 'field list' in C:\xampp\htdocs\codeigniter\webdienmay\system\Database\MySQLi\Connection.php:327
Stack trace:
#0 C:\xampp\htdocs\codeigniter\webdienmay\system\Database\MySQLi\Connection.php(327): mysqli->query('INSERT INTO `pr...', 0)
#1 C:\xampp\htdocs\codeigniter\webdienmay\system\Database\BaseConnection.php(738): CodeIgniter\Database\MySQLi\Connection->execute('INSERT INTO `pr...')
#2 C:\xampp\htdocs\codeigniter\webdienmay\system\Database\BaseConnection.php(652): CodeIgniter\Database\BaseConnection->simpleQuery('INSERT INTO `pr...')
#3 C:\xampp\htdocs\codeigniter\webdienmay\system\Database\BaseBuilder.php(2345): CodeIgniter\Database\BaseConnection->query('INSERT INTO `pr...', Array, false)
#4 C:\xampp\htdocs\codeigniter\webdienmay\app\Models\ProductModel.php(64): CodeIgniter\Database\BaseBuilder->insert(Array)
#5 C:\xampp\htdocs\codeigniter\webdienmay\app\Controllers\AdminProductController.php(127): App\Models\ProductModel->updateProductDetails('37', Array)
#6 C:\xampp\htdocs\codeigniter\webdienmay\system\CodeIgniter.php(933): App\Controllers\AdminProductController->updateProductDetails()
#7 C:\xampp\htdocs\codeigniter\webdienmay\system\CodeIgniter.php(507): CodeIgniter\CodeIgniter->runController(Object(App\Controllers\AdminProductController))
#8 C:\xampp\htdocs\codeigniter\webdienmay\system\CodeIgniter.php(354): CodeIgniter\CodeIgniter->handleRequest(NULL, Object(Config\Cache), false)
#9 C:\xampp\htdocs\codeigniter\webdienmay\system\Boot.php(334): CodeIgniter\CodeIgniter->run()
#10 C:\xampp\htdocs\codeigniter\webdienmay\system\Boot.php(67): CodeIgniter\Boot::runCodeIgniter(Object(CodeIgniter\CodeIgniter))
#11 C:\xampp\htdocs\codeigniter\webdienmay\public\index.php(56): CodeIgniter\Boot::bootWeb(Object(Config\Paths))
#12 C:\xampp\htdocs\codeigniter\webdienmay\system\rewrite.php(44): require_once('C:\\xampp\\htdocs...')
#13 {main}
ERROR - 2025-03-14 13:16:00 --> mysqli_sql_exception: Unknown column 'specifications' in 'field list' in C:\xampp\htdocs\codeigniter\webdienmay\system\Database\MySQLi\Connection.php:327
Stack trace:
#0 C:\xampp\htdocs\codeigniter\webdienmay\system\Database\MySQLi\Connection.php(327): mysqli->query('INSERT INTO `pr...', 0)
#1 C:\xampp\htdocs\codeigniter\webdienmay\system\Database\BaseConnection.php(738): CodeIgniter\Database\MySQLi\Connection->execute('INSERT INTO `pr...')
#2 C:\xampp\htdocs\codeigniter\webdienmay\system\Database\BaseConnection.php(652): CodeIgniter\Database\BaseConnection->simpleQuery('INSERT INTO `pr...')
#3 C:\xampp\htdocs\codeigniter\webdienmay\system\Database\BaseBuilder.php(2345): CodeIgniter\Database\BaseConnection->query('INSERT INTO `pr...', Array, false)
#4 C:\xampp\htdocs\codeigniter\webdienmay\app\Models\ProductModel.php(64): CodeIgniter\Database\BaseBuilder->insert(Array)
#5 C:\xampp\htdocs\codeigniter\webdienmay\app\Controllers\AdminProductController.php(128): App\Models\ProductModel->updateProductDetails('37', Array)
#6 C:\xampp\htdocs\codeigniter\webdienmay\system\CodeIgniter.php(933): App\Controllers\AdminProductController->updateProductDetails()
#7 C:\xampp\htdocs\codeigniter\webdienmay\system\CodeIgniter.php(507): CodeIgniter\CodeIgniter->runController(Object(App\Controllers\AdminProductController))
#8 C:\xampp\htdocs\codeigniter\webdienmay\system\CodeIgniter.php(354): CodeIgniter\CodeIgniter->handleRequest(NULL, Object(Config\Cache), false)
#9 C:\xampp\htdocs\codeigniter\webdienmay\system\Boot.php(334): CodeIgniter\CodeIgniter->run()
#10 C:\xampp\htdocs\codeigniter\webdienmay\system\Boot.php(67): CodeIgniter\Boot::runCodeIgniter(Object(CodeIgniter\CodeIgniter))
#11 C:\xampp\htdocs\codeigniter\webdienmay\public\index.php(56): CodeIgniter\Boot::bootWeb(Object(Config\Paths))
#12 C:\xampp\htdocs\codeigniter\webdienmay\system\rewrite.php(44): require_once('C:\\xampp\\htdocs...')
#13 {main}
ERROR - 2025-03-14 13:21:27 --> mysqli_sql_exception: Unknown column 'specifications' in 'field list' in C:\xampp\htdocs\codeigniter\webdienmay\system\Database\MySQLi\Connection.php:327
Stack trace:
#0 C:\xampp\htdocs\codeigniter\webdienmay\system\Database\MySQLi\Connection.php(327): mysqli->query('INSERT INTO `pr...', 0)
#1 C:\xampp\htdocs\codeigniter\webdienmay\system\Database\BaseConnection.php(738): CodeIgniter\Database\MySQLi\Connection->execute('INSERT INTO `pr...')
#2 C:\xampp\htdocs\codeigniter\webdienmay\system\Database\BaseConnection.php(652): CodeIgniter\Database\BaseConnection->simpleQuery('INSERT INTO `pr...')
#3 C:\xampp\htdocs\codeigniter\webdienmay\system\Database\BaseBuilder.php(2345): CodeIgniter\Database\BaseConnection->query('INSERT INTO `pr...', Array, false)
#4 C:\xampp\htdocs\codeigniter\webdienmay\app\Models\ProductModel.php(64): CodeIgniter\Database\BaseBuilder->insert(Array)
#5 C:\xampp\htdocs\codeigniter\webdienmay\app\Controllers\AdminProductController.php(129): App\Models\ProductModel->updateProductDetails('37', Array)
#6 C:\xampp\htdocs\codeigniter\webdienmay\system\CodeIgniter.php(933): App\Controllers\AdminProductController->updateProductDetails()
#7 C:\xampp\htdocs\codeigniter\webdienmay\system\CodeIgniter.php(507): CodeIgniter\CodeIgniter->runController(Object(App\Controllers\AdminProductController))
#8 C:\xampp\htdocs\codeigniter\webdienmay\system\CodeIgniter.php(354): CodeIgniter\CodeIgniter->handleRequest(NULL, Object(Config\Cache), false)
#9 C:\xampp\htdocs\codeigniter\webdienmay\system\Boot.php(334): CodeIgniter\CodeIgniter->run()
#10 C:\xampp\htdocs\codeigniter\webdienmay\system\Boot.php(67): CodeIgniter\Boot::runCodeIgniter(Object(CodeIgniter\CodeIgniter))
#11 C:\xampp\htdocs\codeigniter\webdienmay\public\index.php(56): CodeIgniter\Boot::bootWeb(Object(Config\Paths))
#12 C:\xampp\htdocs\codeigniter\webdienmay\system\rewrite.php(44): require_once('C:\\xampp\\htdocs...')
#13 {main}
ERROR - 2025-03-14 13:25:42 --> mysqli_sql_exception: Unknown column 'specifications' in 'field list' in C:\xampp\htdocs\codeigniter\webdienmay\system\Database\MySQLi\Connection.php:327
Stack trace:
#0 C:\xampp\htdocs\codeigniter\webdienmay\system\Database\MySQLi\Connection.php(327): mysqli->query('INSERT INTO `pr...', 0)
#1 C:\xampp\htdocs\codeigniter\webdienmay\system\Database\BaseConnection.php(738): CodeIgniter\Database\MySQLi\Connection->execute('INSERT INTO `pr...')
#2 C:\xampp\htdocs\codeigniter\webdienmay\system\Database\BaseConnection.php(652): CodeIgniter\Database\BaseConnection->simpleQuery('INSERT INTO `pr...')
#3 C:\xampp\htdocs\codeigniter\webdienmay\system\Database\BaseBuilder.php(2345): CodeIgniter\Database\BaseConnection->query('INSERT INTO `pr...', Array, false)
#4 C:\xampp\htdocs\codeigniter\webdienmay\app\Models\ProductModel.php(64): CodeIgniter\Database\BaseBuilder->insert(Array)
#5 C:\xampp\htdocs\codeigniter\webdienmay\app\Controllers\AdminProductController.php(129): App\Models\ProductModel->updateProductDetails('17', Array)
#6 C:\xampp\htdocs\codeigniter\webdienmay\system\CodeIgniter.php(933): App\Controllers\AdminProductController->updateProductDetails()
#7 C:\xampp\htdocs\codeigniter\webdienmay\system\CodeIgniter.php(507): CodeIgniter\CodeIgniter->runController(Object(App\Controllers\AdminProductController))
#8 C:\xampp\htdocs\codeigniter\webdienmay\system\CodeIgniter.php(354): CodeIgniter\CodeIgniter->handleRequest(NULL, Object(Config\Cache), false)
#9 C:\xampp\htdocs\codeigniter\webdienmay\system\Boot.php(334): CodeIgniter\CodeIgniter->run()
#10 C:\xampp\htdocs\codeigniter\webdienmay\system\Boot.php(67): CodeIgniter\Boot::runCodeIgniter(Object(CodeIgniter\CodeIgniter))
#11 C:\xampp\htdocs\codeigniter\webdienmay\public\index.php(56): CodeIgniter\Boot::bootWeb(Object(Config\Paths))
#12 C:\xampp\htdocs\codeigniter\webdienmay\system\rewrite.php(44): require_once('C:\\xampp\\htdocs...')
#13 {main}
ERROR - 2025-03-14 13:31:47 --> mysqli_sql_exception: Unknown column 'specifications' in 'field list' in C:\xampp\htdocs\codeigniter\webdienmay\system\Database\MySQLi\Connection.php:327
Stack trace:
#0 C:\xampp\htdocs\codeigniter\webdienmay\system\Database\MySQLi\Connection.php(327): mysqli->query('INSERT INTO `pr...', 0)
#1 C:\xampp\htdocs\codeigniter\webdienmay\system\Database\BaseConnection.php(738): CodeIgniter\Database\MySQLi\Connection->execute('INSERT INTO `pr...')
#2 C:\xampp\htdocs\codeigniter\webdienmay\system\Database\BaseConnection.php(652): CodeIgniter\Database\BaseConnection->simpleQuery('INSERT INTO `pr...')
#3 C:\xampp\htdocs\codeigniter\webdienmay\system\Database\BaseBuilder.php(2345): CodeIgniter\Database\BaseConnection->query('INSERT INTO `pr...', Array, false)
#4 C:\xampp\htdocs\codeigniter\webdienmay\app\Models\ProductModel.php(64): CodeIgniter\Database\BaseBuilder->insert(Array)
#5 C:\xampp\htdocs\codeigniter\webdienmay\app\Controllers\AdminProductController.php(129): App\Models\ProductModel->updateProductDetails('17', Array)
#6 C:\xampp\htdocs\codeigniter\webdienmay\system\CodeIgniter.php(933): App\Controllers\AdminProductController->updateProductDetails()
#7 C:\xampp\htdocs\codeigniter\webdienmay\system\CodeIgniter.php(507): CodeIgniter\CodeIgniter->runController(Object(App\Controllers\AdminProductController))
#8 C:\xampp\htdocs\codeigniter\webdienmay\system\CodeIgniter.php(354): CodeIgniter\CodeIgniter->handleRequest(NULL, Object(Config\Cache), false)
#9 C:\xampp\htdocs\codeigniter\webdienmay\system\Boot.php(334): CodeIgniter\CodeIgniter->run()
#10 C:\xampp\htdocs\codeigniter\webdienmay\system\Boot.php(67): CodeIgniter\Boot::runCodeIgniter(Object(CodeIgniter\CodeIgniter))
#11 C:\xampp\htdocs\codeigniter\webdienmay\public\index.php(56): CodeIgniter\Boot::bootWeb(Object(Config\Paths))
#12 C:\xampp\htdocs\codeigniter\webdienmay\system\rewrite.php(44): require_once('C:\\xampp\\htdocs...')
#13 {main}
CRITICAL - 2025-03-14 15:11:19 --> ErrorException: Undefined variable $fullName
[Method: GET, Route: home/index]
in APPPATH\Views\templates\header.php on line 64.
 1 APPPATH\Views\templates\header.php(64): CodeIgniter\Debug\Exceptions->errorHandler(2, 'Undefined variable $fullName', 'C:\\xampp\\htdocs\\codeigniter\\webdienmay\\app\\Views\\templates\\header.php', 64)
 2 SYSTEMPATH\View\View.php(224): include('C:\\xampp\\htdocs\\codeigniter\\webdienmay\\app\\Views\\templates\\header.php')
 3 SYSTEMPATH\View\View.php(227): CodeIgniter\View\View->CodeIgniter\View\{closure}()
 4 SYSTEMPATH\Common.php(1173): CodeIgniter\View\View->render('templates/header', [], true)
 5 APPPATH\Views\home\index.php(10): view('templates/header')
 6 SYSTEMPATH\View\View.php(224): include('C:\\xampp\\htdocs\\codeigniter\\webdienmay\\app\\Views\\home\\index.php')
 7 SYSTEMPATH\View\View.php(227): CodeIgniter\View\View->CodeIgniter\View\{closure}()
 8 SYSTEMPATH\Common.php(1173): CodeIgniter\View\View->render('home/index', [], true)
 9 APPPATH\Controllers\HomeController.php(31): view('home/index', [...])
10 SYSTEMPATH\CodeIgniter.php(933): App\Controllers\HomeController->index()
11 SYSTEMPATH\CodeIgniter.php(507): CodeIgniter\CodeIgniter->runController(Object(App\Controllers\HomeController))
12 SYSTEMPATH\CodeIgniter.php(354): CodeIgniter\CodeIgniter->handleRequest(null, Object(Config\Cache), false)
13 SYSTEMPATH\Boot.php(334): CodeIgniter\CodeIgniter->run()
14 SYSTEMPATH\Boot.php(67): CodeIgniter\Boot::runCodeIgniter(Object(CodeIgniter\CodeIgniter))
15 FCPATH\index.php(56): CodeIgniter\Boot::bootWeb(Object(Config\Paths))
16 SYSTEMPATH\rewrite.php(44): require_once('C:\\xampp\\htdocs\\codeigniter\\webdienmay\\public\\index.php')
CRITICAL - 2025-03-14 15:21:59 --> ErrorException: Undefined variable $Dương Bình
[Method: GET, Route: home/index]
in APPPATH\Views\templates\header.php on line 64.
 1 APPPATH\Views\templates\header.php(64): CodeIgniter\Debug\Exceptions->errorHandler(2, 'Undefined variable $Dương Bình', 'C:\\xampp\\htdocs\\codeigniter\\webdienmay\\app\\Views\\templates\\header.php', 64)
 2 SYSTEMPATH\View\View.php(224): include('C:\\xampp\\htdocs\\codeigniter\\webdienmay\\app\\Views\\templates\\header.php')
 3 SYSTEMPATH\View\View.php(227): CodeIgniter\View\View->CodeIgniter\View\{closure}()
 4 SYSTEMPATH\Common.php(1173): CodeIgniter\View\View->render('templates/header', [], true)
 5 APPPATH\Views\home\index.php(10): view('templates/header')
 6 SYSTEMPATH\View\View.php(224): include('C:\\xampp\\htdocs\\codeigniter\\webdienmay\\app\\Views\\home\\index.php')
 7 SYSTEMPATH\View\View.php(227): CodeIgniter\View\View->CodeIgniter\View\{closure}()
 8 SYSTEMPATH\Common.php(1173): CodeIgniter\View\View->render('home/index', [], true)
 9 APPPATH\Controllers\HomeController.php(31): view('home/index', [...])
10 SYSTEMPATH\CodeIgniter.php(933): App\Controllers\HomeController->index()
11 SYSTEMPATH\CodeIgniter.php(507): CodeIgniter\CodeIgniter->runController(Object(App\Controllers\HomeController))
12 SYSTEMPATH\CodeIgniter.php(354): CodeIgniter\CodeIgniter->handleRequest(null, Object(Config\Cache), false)
13 SYSTEMPATH\Boot.php(334): CodeIgniter\CodeIgniter->run()
14 SYSTEMPATH\Boot.php(67): CodeIgniter\Boot::runCodeIgniter(Object(CodeIgniter\CodeIgniter))
15 FCPATH\index.php(56): CodeIgniter\Boot::bootWeb(Object(Config\Paths))
16 SYSTEMPATH\rewrite.php(44): require_once('C:\\xampp\\htdocs\\codeigniter\\webdienmay\\public\\index.php')
CRITICAL - 2025-03-14 15:24:25 --> ErrorException: Undefined variable $isLoggedIn
[Method: GET, Route: home/index]
in APPPATH\Views\templates\header.php on line 65.
 1 APPPATH\Views\templates\header.php(65): CodeIgniter\Debug\Exceptions->errorHandler(2, 'Undefined variable $isLoggedIn', 'C:\\xampp\\htdocs\\codeigniter\\webdienmay\\app\\Views\\templates\\header.php', 65)
 2 SYSTEMPATH\View\View.php(224): include('C:\\xampp\\htdocs\\codeigniter\\webdienmay\\app\\Views\\templates\\header.php')
 3 SYSTEMPATH\View\View.php(227): CodeIgniter\View\View->CodeIgniter\View\{closure}()
 4 SYSTEMPATH\Common.php(1173): CodeIgniter\View\View->render('templates/header', [], true)
 5 APPPATH\Views\home\index.php(10): view('templates/header')
 6 SYSTEMPATH\View\View.php(224): include('C:\\xampp\\htdocs\\codeigniter\\webdienmay\\app\\Views\\home\\index.php')
 7 SYSTEMPATH\View\View.php(227): CodeIgniter\View\View->CodeIgniter\View\{closure}()
 8 SYSTEMPATH\Common.php(1173): CodeIgniter\View\View->render('home/index', [], true)
 9 APPPATH\Controllers\HomeController.php(31): view('home/index', [...])
10 SYSTEMPATH\CodeIgniter.php(933): App\Controllers\HomeController->index()
11 SYSTEMPATH\CodeIgniter.php(507): CodeIgniter\CodeIgniter->runController(Object(App\Controllers\HomeController))
12 SYSTEMPATH\CodeIgniter.php(354): CodeIgniter\CodeIgniter->handleRequest(null, Object(Config\Cache), false)
13 SYSTEMPATH\Boot.php(334): CodeIgniter\CodeIgniter->run()
14 SYSTEMPATH\Boot.php(67): CodeIgniter\Boot::runCodeIgniter(Object(CodeIgniter\CodeIgniter))
15 FCPATH\index.php(56): CodeIgniter\Boot::bootWeb(Object(Config\Paths))
16 SYSTEMPATH\rewrite.php(44): require_once('C:\\xampp\\htdocs\\codeigniter\\webdienmay\\public\\index.php')




/////////////////////
CRITICAL - 2025-03-14 17:11:59 --> ErrorException: Trait "Config\CodeIgniter\Session\Handlers\DatabaseHandler" not found
[Method: GET, Route: logout]
in APPPATH\Config\Session.php on line 9.
 1 [internal function]: CodeIgniter\Debug\Exceptions->shutdownHandler()
CRITICAL - 2025-03-14 17:12:02 --> ErrorException: Trait "Config\CodeIgniter\Session\Handlers\DatabaseHandler" not found
[Method: GET, Route: logout]
in APPPATH\Config\Session.php on line 9.
 1 [internal function]: CodeIgniter\Debug\Exceptions->shutdownHandler()
CRITICAL - 2025-03-14 17:12:03 --> ErrorException: Trait "Config\CodeIgniter\Session\Handlers\DatabaseHandler" not found
[Method: GET, Route: home/index]
in APPPATH\Config\Session.php on line 9.
 1 [internal function]: CodeIgniter\Debug\Exceptions->shutdownHandler()
CRITICAL - 2025-03-14 17:12:06 --> ErrorException: Trait "Config\CodeIgniter\Session\Handlers\DatabaseHandler" not found
[Method: GET, Route: login]
in APPPATH\Config\Session.php on line 9.
 1 [internal function]: CodeIgniter\Debug\Exceptions->shutdownHandler()
CRITICAL - 2025-03-14 17:12:10 --> ErrorException: Trait "Config\CodeIgniter\Session\Handlers\DatabaseHandler" not found
[Method: GET, Route: login]
in APPPATH\Config\Session.php on line 9.
 1 [internal function]: CodeIgniter\Debug\Exceptions->shutdownHandler()
CRITICAL - 2025-03-14 17:12:11 --> ErrorException: Trait "Config\CodeIgniter\Session\Handlers\DatabaseHandler" not found
[Method: GET, Route: login]
in APPPATH\Config\Session.php on line 9.
 1 [internal function]: CodeIgniter\Debug\Exceptions->shutdownHandler()



ERROR - 2025-03-14 18:51:15 --> mysqli_sql_exception: Unknown column 'created_at' in 'field list' in C:\xampp\htdocs\codeigniter\webdienmay\system\Database\MySQLi\Connection.php:327
Stack trace:
#0 C:\xampp\htdocs\codeigniter\webdienmay\system\Database\MySQLi\Connection.php(327): mysqli->query('INSERT INTO `or...', 0)
#1 C:\xampp\htdocs\codeigniter\webdienmay\system\Database\BaseConnection.php(738): CodeIgniter\Database\MySQLi\Connection->execute('INSERT INTO `or...')
#2 C:\xampp\htdocs\codeigniter\webdienmay\system\Database\BaseConnection.php(652): CodeIgniter\Database\BaseConnection->simpleQuery('INSERT INTO `or...')
#3 C:\xampp\htdocs\codeigniter\webdienmay\system\Database\BaseBuilder.php(2345): CodeIgniter\Database\BaseConnection->query('INSERT INTO `or...', Array, false)
#4 C:\xampp\htdocs\codeigniter\webdienmay\system\Model.php(394): CodeIgniter\Database\BaseBuilder->insert()
#5 C:\xampp\htdocs\codeigniter\webdienmay\system\BaseModel.php(839): CodeIgniter\Model->doInsert(Array)
#6 C:\xampp\htdocs\codeigniter\webdienmay\system\Model.php(800): CodeIgniter\BaseModel->insert(Array, true)
#7 C:\xampp\htdocs\codeigniter\webdienmay\app\Models\OrderModel.php(21): CodeIgniter\Model->insert(Array)
#8 C:\xampp\htdocs\codeigniter\webdienmay\app\Controllers\OrderController.php(40): App\Models\OrderModel->createOrder(NULL, '10700000')
#9 C:\xampp\htdocs\codeigniter\webdienmay\system\CodeIgniter.php(933): App\Controllers\OrderController->buyNow()
#10 C:\xampp\htdocs\codeigniter\webdienmay\system\CodeIgniter.php(507): CodeIgniter\CodeIgniter->runController(Object(App\Controllers\OrderController))
#11 C:\xampp\htdocs\codeigniter\webdienmay\system\CodeIgniter.php(354): CodeIgniter\CodeIgniter->handleRequest(NULL, Object(Config\Cache), false)
#12 C:\xampp\htdocs\codeigniter\webdienmay\system\Boot.php(334): CodeIgniter\CodeIgniter->run()
#13 C:\xampp\htdocs\codeigniter\webdienmay\system\Boot.php(67): CodeIgniter\Boot::runCodeIgniter(Object(CodeIgniter\CodeIgniter))
#14 C:\xampp\htdocs\codeigniter\webdienmay\public\index.php(56): CodeIgniter\Boot::bootWeb(Object(Config\Paths))
#15 C:\xampp\htdocs\codeigniter\webdienmay\system\rewrite.php(44): require_once('C:\\xampp\\htdocs...')
#16 {main}
ERROR - 2025-03-14 18:51:15 --> mysqli_sql_exception: Cannot add or update a child row: a foreign key constraint fails (`dienmaydb`.`order_details`, CONSTRAINT `order_details_ibfk_1` FOREIGN KEY (`order_id`) REFERENCES `orders` (`id`) ON DELETE CASCADE) in C:\xampp\htdocs\codeigniter\webdienmay\system\Database\MySQLi\Connection.php:327
Stack trace:
#0 C:\xampp\htdocs\codeigniter\webdienmay\system\Database\MySQLi\Connection.php(327): mysqli->query('INSERT INTO `or...', 0)
#1 C:\xampp\htdocs\codeigniter\webdienmay\system\Database\BaseConnection.php(738): CodeIgniter\Database\MySQLi\Connection->execute('INSERT INTO `or...')
#2 C:\xampp\htdocs\codeigniter\webdienmay\system\Database\BaseConnection.php(652): CodeIgniter\Database\BaseConnection->simpleQuery('INSERT INTO `or...')
#3 C:\xampp\htdocs\codeigniter\webdienmay\system\Database\BaseBuilder.php(2345): CodeIgniter\Database\BaseConnection->query('INSERT INTO `or...', Array, false)
#4 C:\xampp\htdocs\codeigniter\webdienmay\system\Model.php(394): CodeIgniter\Database\BaseBuilder->insert()
#5 C:\xampp\htdocs\codeigniter\webdienmay\system\BaseModel.php(839): CodeIgniter\Model->doInsert(Array)
#6 C:\xampp\htdocs\codeigniter\webdienmay\system\Model.php(800): CodeIgniter\BaseModel->insert(Array, true)
#7 C:\xampp\htdocs\codeigniter\webdienmay\app\Models\OrderDetailsModel.php(21): CodeIgniter\Model->insert(Array)
#8 C:\xampp\htdocs\codeigniter\webdienmay\app\Controllers\OrderController.php(43): App\Models\OrderDetailsModel->addOrderDetail(false, '17', '1', '10700000')
#9 C:\xampp\htdocs\codeigniter\webdienmay\system\CodeIgniter.php(933): App\Controllers\OrderController->buyNow()
#10 C:\xampp\htdocs\codeigniter\webdienmay\system\CodeIgniter.php(507): CodeIgniter\CodeIgniter->runController(Object(App\Controllers\OrderController))
#11 C:\xampp\htdocs\codeigniter\webdienmay\system\CodeIgniter.php(354): CodeIgniter\CodeIgniter->handleRequest(NULL, Object(Config\Cache), false)
#12 C:\xampp\htdocs\codeigniter\webdienmay\system\Boot.php(334): CodeIgniter\CodeIgniter->run()
#13 C:\xampp\htdocs\codeigniter\webdienmay\system\Boot.php(67): CodeIgniter\Boot::runCodeIgniter(Object(CodeIgniter\CodeIgniter))
#14 C:\xampp\htdocs\codeigniter\webdienmay\public\index.php(56): CodeIgniter\Boot::bootWeb(Object(Config\Paths))
#15 C:\xampp\htdocs\codeigniter\webdienmay\system\rewrite.php(44): require_once('C:\\xampp\\htdocs...')
#16 {main}
ERROR - 2025-03-14 18:51:15 --> mysqli_sql_exception: Cannot add or update a child row: a foreign key constraint fails (`dienmaydb`.`payments`, CONSTRAINT `payments_ibfk_1` FOREIGN KEY (`order_id`) REFERENCES `orders` (`id`) ON DELETE CASCADE) in C:\xampp\htdocs\codeigniter\webdienmay\system\Database\MySQLi\Connection.php:327
Stack trace:
#0 C:\xampp\htdocs\codeigniter\webdienmay\system\Database\MySQLi\Connection.php(327): mysqli->query('INSERT INTO `pa...', 0)
#1 C:\xampp\htdocs\codeigniter\webdienmay\system\Database\BaseConnection.php(738): CodeIgniter\Database\MySQLi\Connection->execute('INSERT INTO `pa...')
#2 C:\xampp\htdocs\codeigniter\webdienmay\system\Database\BaseConnection.php(652): CodeIgniter\Database\BaseConnection->simpleQuery('INSERT INTO `pa...')
#3 C:\xampp\htdocs\codeigniter\webdienmay\system\Database\BaseBuilder.php(2345): CodeIgniter\Database\BaseConnection->query('INSERT INTO `pa...', Array, false)
#4 C:\xampp\htdocs\codeigniter\webdienmay\system\Model.php(394): CodeIgniter\Database\BaseBuilder->insert()
#5 C:\xampp\htdocs\codeigniter\webdienmay\system\BaseModel.php(839): CodeIgniter\Model->doInsert(Array)
#6 C:\xampp\htdocs\codeigniter\webdienmay\system\Model.php(800): CodeIgniter\BaseModel->insert(Array, true)
#7 C:\xampp\htdocs\codeigniter\webdienmay\app\Models\PaymentModel.php(21): CodeIgniter\Model->insert(Array)
#8 C:\xampp\htdocs\codeigniter\webdienmay\app\Controllers\OrderController.php(46): App\Models\PaymentModel->createPayment(false, 'cash')
#9 C:\xampp\htdocs\codeigniter\webdienmay\system\CodeIgniter.php(933): App\Controllers\OrderController->buyNow()
#10 C:\xampp\htdocs\codeigniter\webdienmay\system\CodeIgniter.php(507): CodeIgniter\CodeIgniter->runController(Object(App\Controllers\OrderController))
#11 C:\xampp\htdocs\codeigniter\webdienmay\system\CodeIgniter.php(354): CodeIgniter\CodeIgniter->handleRequest(NULL, Object(Config\Cache), false)
#12 C:\xampp\htdocs\codeigniter\webdienmay\system\Boot.php(334): CodeIgniter\CodeIgniter->run()
#13 C:\xampp\htdocs\codeigniter\webdienmay\system\Boot.php(67): CodeIgniter\Boot::runCodeIgniter(Object(CodeIgniter\CodeIgniter))
#14 C:\xampp\htdocs\codeigniter\webdienmay\public\index.php(56): CodeIgniter\Boot::bootWeb(Object(Config\Paths))
#15 C:\xampp\htdocs\codeigniter\webdienmay\system\rewrite.php(44): require_once('C:\\xampp\\htdocs...')
#16 {main}
ERROR - 2025-03-14 18:55:47 --> mysqli_sql_exception: Unknown column 'created_at' in 'field list' in C:\xampp\htdocs\codeigniter\webdienmay\system\Database\MySQLi\Connection.php:327
Stack trace:
#0 C:\xampp\htdocs\codeigniter\webdienmay\system\Database\MySQLi\Connection.php(327): mysqli->query('INSERT INTO `or...', 0)
#1 C:\xampp\htdocs\codeigniter\webdienmay\system\Database\BaseConnection.php(738): CodeIgniter\Database\MySQLi\Connection->execute('INSERT INTO `or...')
#2 C:\xampp\htdocs\codeigniter\webdienmay\system\Database\BaseConnection.php(652): CodeIgniter\Database\BaseConnection->simpleQuery('INSERT INTO `or...')
#3 C:\xampp\htdocs\codeigniter\webdienmay\system\Database\BaseBuilder.php(2345): CodeIgniter\Database\BaseConnection->query('INSERT INTO `or...', Array, false)
#4 C:\xampp\htdocs\codeigniter\webdienmay\system\Model.php(394): CodeIgniter\Database\BaseBuilder->insert()
#5 C:\xampp\htdocs\codeigniter\webdienmay\system\BaseModel.php(839): CodeIgniter\Model->doInsert(Array)
#6 C:\xampp\htdocs\codeigniter\webdienmay\system\Model.php(800): CodeIgniter\BaseModel->insert(Array, true)
#7 C:\xampp\htdocs\codeigniter\webdienmay\app\Models\OrderModel.php(21): CodeIgniter\Model->insert(Array)
#8 C:\xampp\htdocs\codeigniter\webdienmay\app\Controllers\OrderController.php(40): App\Models\OrderModel->createOrder(NULL, '10700000')
#9 C:\xampp\htdocs\codeigniter\webdienmay\system\CodeIgniter.php(933): App\Controllers\OrderController->buyNow()
#10 C:\xampp\htdocs\codeigniter\webdienmay\system\CodeIgniter.php(507): CodeIgniter\CodeIgniter->runController(Object(App\Controllers\OrderController))
#11 C:\xampp\htdocs\codeigniter\webdienmay\system\CodeIgniter.php(354): CodeIgniter\CodeIgniter->handleRequest(NULL, Object(Config\Cache), false)
#12 C:\xampp\htdocs\codeigniter\webdienmay\system\Boot.php(334): CodeIgniter\CodeIgniter->run()
#13 C:\xampp\htdocs\codeigniter\webdienmay\system\Boot.php(67): CodeIgniter\Boot::runCodeIgniter(Object(CodeIgniter\CodeIgniter))
#14 C:\xampp\htdocs\codeigniter\webdienmay\public\index.php(56): CodeIgniter\Boot::bootWeb(Object(Config\Paths))
#15 C:\xampp\htdocs\codeigniter\webdienmay\system\rewrite.php(44): require_once('C:\\xampp\\htdocs...')
#16 {main}
ERROR - 2025-03-14 18:55:47 --> mysqli_sql_exception: Cannot add or update a child row: a foreign key constraint fails (`dienmaydb`.`order_details`, CONSTRAINT `order_details_ibfk_1` FOREIGN KEY (`order_id`) REFERENCES `orders` (`id`) ON DELETE CASCADE) in C:\xampp\htdocs\codeigniter\webdienmay\system\Database\MySQLi\Connection.php:327
Stack trace:
#0 C:\xampp\htdocs\codeigniter\webdienmay\system\Database\MySQLi\Connection.php(327): mysqli->query('INSERT INTO `or...', 0)
#1 C:\xampp\htdocs\codeigniter\webdienmay\system\Database\BaseConnection.php(738): CodeIgniter\Database\MySQLi\Connection->execute('INSERT INTO `or...')
#2 C:\xampp\htdocs\codeigniter\webdienmay\system\Database\BaseConnection.php(652): CodeIgniter\Database\BaseConnection->simpleQuery('INSERT INTO `or...')
#3 C:\xampp\htdocs\codeigniter\webdienmay\system\Database\BaseBuilder.php(2345): CodeIgniter\Database\BaseConnection->query('INSERT INTO `or...', Array, false)
#4 C:\xampp\htdocs\codeigniter\webdienmay\system\Model.php(394): CodeIgniter\Database\BaseBuilder->insert()
#5 C:\xampp\htdocs\codeigniter\webdienmay\system\BaseModel.php(839): CodeIgniter\Model->doInsert(Array)
#6 C:\xampp\htdocs\codeigniter\webdienmay\system\Model.php(800): CodeIgniter\BaseModel->insert(Array, true)
#7 C:\xampp\htdocs\codeigniter\webdienmay\app\Models\OrderDetailsModel.php(21): CodeIgniter\Model->insert(Array)
#8 C:\xampp\htdocs\codeigniter\webdienmay\app\Controllers\OrderController.php(43): App\Models\OrderDetailsModel->addOrderDetail(false, '17', '1', '10700000')
#9 C:\xampp\htdocs\codeigniter\webdienmay\system\CodeIgniter.php(933): App\Controllers\OrderController->buyNow()
#10 C:\xampp\htdocs\codeigniter\webdienmay\system\CodeIgniter.php(507): CodeIgniter\CodeIgniter->runController(Object(App\Controllers\OrderController))
#11 C:\xampp\htdocs\codeigniter\webdienmay\system\CodeIgniter.php(354): CodeIgniter\CodeIgniter->handleRequest(NULL, Object(Config\Cache), false)
#12 C:\xampp\htdocs\codeigniter\webdienmay\system\Boot.php(334): CodeIgniter\CodeIgniter->run()
#13 C:\xampp\htdocs\codeigniter\webdienmay\system\Boot.php(67): CodeIgniter\Boot::runCodeIgniter(Object(CodeIgniter\CodeIgniter))
#14 C:\xampp\htdocs\codeigniter\webdienmay\public\index.php(56): CodeIgniter\Boot::bootWeb(Object(Config\Paths))
#15 C:\xampp\htdocs\codeigniter\webdienmay\system\rewrite.php(44): require_once('C:\\xampp\\htdocs...')
#16 {main}
ERROR - 2025-03-14 18:55:47 --> mysqli_sql_exception: Cannot add or update a child row: a foreign key constraint fails (`dienmaydb`.`payments`, CONSTRAINT `payments_ibfk_1` FOREIGN KEY (`order_id`) REFERENCES `orders` (`id`) ON DELETE CASCADE) in C:\xampp\htdocs\codeigniter\webdienmay\system\Database\MySQLi\Connection.php:327
Stack trace:
#0 C:\xampp\htdocs\codeigniter\webdienmay\system\Database\MySQLi\Connection.php(327): mysqli->query('INSERT INTO `pa...', 0)
#1 C:\xampp\htdocs\codeigniter\webdienmay\system\Database\BaseConnection.php(738): CodeIgniter\Database\MySQLi\Connection->execute('INSERT INTO `pa...')
#2 C:\xampp\htdocs\codeigniter\webdienmay\system\Database\BaseConnection.php(652): CodeIgniter\Database\BaseConnection->simpleQuery('INSERT INTO `pa...')
#3 C:\xampp\htdocs\codeigniter\webdienmay\system\Database\BaseBuilder.php(2345): CodeIgniter\Database\BaseConnection->query('INSERT INTO `pa...', Array, false)
#4 C:\xampp\htdocs\codeigniter\webdienmay\system\Model.php(394): CodeIgniter\Database\BaseBuilder->insert()
#5 C:\xampp\htdocs\codeigniter\webdienmay\system\BaseModel.php(839): CodeIgniter\Model->doInsert(Array)
#6 C:\xampp\htdocs\codeigniter\webdienmay\system\Model.php(800): CodeIgniter\BaseModel->insert(Array, true)
#7 C:\xampp\htdocs\codeigniter\webdienmay\app\Models\PaymentModel.php(21): CodeIgniter\Model->insert(Array)
#8 C:\xampp\htdocs\codeigniter\webdienmay\app\Controllers\OrderController.php(46): App\Models\PaymentModel->createPayment(false, 'credit_card')
#9 C:\xampp\htdocs\codeigniter\webdienmay\system\CodeIgniter.php(933): App\Controllers\OrderController->buyNow()
#10 C:\xampp\htdocs\codeigniter\webdienmay\system\CodeIgniter.php(507): CodeIgniter\CodeIgniter->runController(Object(App\Controllers\OrderController))
#11 C:\xampp\htdocs\codeigniter\webdienmay\system\CodeIgniter.php(354): CodeIgniter\CodeIgniter->handleRequest(NULL, Object(Config\Cache), false)
#12 C:\xampp\htdocs\codeigniter\webdienmay\system\Boot.php(334): CodeIgniter\CodeIgniter->run()
#13 C:\xampp\htdocs\codeigniter\webdienmay\system\Boot.php(67): CodeIgniter\Boot::runCodeIgniter(Object(CodeIgniter\CodeIgniter))
#14 C:\xampp\htdocs\codeigniter\webdienmay\public\index.php(56): CodeIgniter\Boot::bootWeb(Object(Config\Paths))
#15 C:\xampp\htdocs\codeigniter\webdienmay\system\rewrite.php(44): require_once('C:\\xampp\\htdocs...')
#16 {main}
